2024-09-03 12:05:32 [API CALL LOG] error: uncaughtException: logger.error is not a function
TypeError: logger.error is not a function
    at /Users/yangjinho/Downloads/Git/ojt-yagsill/src/api/user.js:422:16
    at process.processTicksAndRejections (node:internal/process/task_queues:95:5)
2024-09-03 12:05:42 [API CALL LOG] error: uncaughtException: logger.error is not a function
TypeError: logger.error is not a function
    at /Users/yangjinho/Downloads/Git/ojt-yagsill/src/api/user.js:422:16
    at process.processTicksAndRejections (node:internal/process/task_queues:95:5)
2024-09-03 12:06:11 [API CALL LOG] error: uncaughtException: logger.error is not a function
TypeError: logger.error is not a function
    at /Users/yangjinho/Downloads/Git/ojt-yagsill/src/api/user.js:422:16
    at process.processTicksAndRejections (node:internal/process/task_queues:95:5)
2024-09-03 12:08:54 [API CALL LOG] error: uncaughtException: Cannot find module '../config/logData'
Require stack:
- /Users/yangjinho/Downloads/Git/ojt-yagsill/src/api/user.js
- /Users/yangjinho/Downloads/Git/ojt-yagsill/src/loaders/routes.js
- /Users/yangjinho/Downloads/Git/ojt-yagsill/app.js
Error: Cannot find module '../config/logData'
Require stack:
- /Users/yangjinho/Downloads/Git/ojt-yagsill/src/api/user.js
- /Users/yangjinho/Downloads/Git/ojt-yagsill/src/loaders/routes.js
- /Users/yangjinho/Downloads/Git/ojt-yagsill/app.js
    at Module._resolveFilename (node:internal/modules/cjs/loader:1140:15)
    at Module._load (node:internal/modules/cjs/loader:981:27)
    at Module.require (node:internal/modules/cjs/loader:1231:19)
    at require (node:internal/modules/helpers:177:18)
    at Object.<anonymous> (/Users/yangjinho/Downloads/Git/ojt-yagsill/src/api/user.js:12:17)
    at Module._compile (node:internal/modules/cjs/loader:1364:14)
    at Module._extensions..js (node:internal/modules/cjs/loader:1422:10)
    at Module.load (node:internal/modules/cjs/loader:1203:32)
    at Module._load (node:internal/modules/cjs/loader:1019:12)
    at Module.require (node:internal/modules/cjs/loader:1231:19)
2024-09-03 12:09:54 [API CALL LOG] error: uncaughtException: logData is not defined
ReferenceError: logData is not defined
    at Object.<anonymous> (/Users/yangjinho/Downloads/Git/ojt-yagsill/src/config/logger.js:62:26)
    at Module._compile (node:internal/modules/cjs/loader:1364:14)
    at Module._extensions..js (node:internal/modules/cjs/loader:1422:10)
    at Module.load (node:internal/modules/cjs/loader:1203:32)
    at Module._load (node:internal/modules/cjs/loader:1019:12)
    at Module.require (node:internal/modules/cjs/loader:1231:19)
    at require (node:internal/modules/helpers:177:18)
    at Object.<anonymous> (/Users/yangjinho/Downloads/Git/ojt-yagsill/src/api/user.js:11:16)
    at Module._compile (node:internal/modules/cjs/loader:1364:14)
    at Module._extensions..js (node:internal/modules/cjs/loader:1422:10)
2024-09-03 12:12:03 [API CALL LOG] error: uncaughtException: logData is not defined
ReferenceError: logData is not defined
    at Object.<anonymous> (/Users/yangjinho/Downloads/Git/ojt-yagsill/src/config/logger.js:62:26)
    at Module._compile (node:internal/modules/cjs/loader:1364:14)
    at Module._extensions..js (node:internal/modules/cjs/loader:1422:10)
    at Module.load (node:internal/modules/cjs/loader:1203:32)
    at Module._load (node:internal/modules/cjs/loader:1019:12)
    at Module.require (node:internal/modules/cjs/loader:1231:19)
    at require (node:internal/modules/helpers:177:18)
    at Object.<anonymous> (/Users/yangjinho/Downloads/Git/ojt-yagsill/src/api/user.js:11:16)
    at Module._compile (node:internal/modules/cjs/loader:1364:14)
    at Module._extensions..js (node:internal/modules/cjs/loader:1422:10)
2024-09-03 12:12:30 [API CALL LOG] error: uncaughtException: logData is not defined
ReferenceError: logData is not defined
    at Object.<anonymous> (/Users/yangjinho/Downloads/Git/ojt-yagsill/src/config/logger.js:62:26)
    at Module._compile (node:internal/modules/cjs/loader:1364:14)
    at Module._extensions..js (node:internal/modules/cjs/loader:1422:10)
    at Module.load (node:internal/modules/cjs/loader:1203:32)
    at Module._load (node:internal/modules/cjs/loader:1019:12)
    at Module.require (node:internal/modules/cjs/loader:1231:19)
    at require (node:internal/modules/helpers:177:18)
    at Object.<anonymous> (/Users/yangjinho/Downloads/Git/ojt-yagsill/src/api/user.js:11:16)
    at Module._compile (node:internal/modules/cjs/loader:1364:14)
    at Module._extensions..js (node:internal/modules/cjs/loader:1422:10)
2024-09-03 12:13:04 [API CALL LOG] error: uncaughtException: logData is not defined
ReferenceError: logData is not defined
    at Object.<anonymous> (/Users/yangjinho/Downloads/Git/ojt-yagsill/src/config/logger.js:62:26)
    at Module._compile (node:internal/modules/cjs/loader:1364:14)
    at Module._extensions..js (node:internal/modules/cjs/loader:1422:10)
    at Module.load (node:internal/modules/cjs/loader:1203:32)
    at Module._load (node:internal/modules/cjs/loader:1019:12)
    at Module.require (node:internal/modules/cjs/loader:1231:19)
    at require (node:internal/modules/helpers:177:18)
    at Object.<anonymous> (/Users/yangjinho/Downloads/Git/ojt-yagsill/src/api/user.js:11:16)
    at Module._compile (node:internal/modules/cjs/loader:1364:14)
    at Module._extensions..js (node:internal/modules/cjs/loader:1422:10)
2024-09-03 12:13:06 [API CALL LOG] error: uncaughtException: logData is not defined
ReferenceError: logData is not defined
    at Object.<anonymous> (/Users/yangjinho/Downloads/Git/ojt-yagsill/src/config/logger.js:62:26)
    at Module._compile (node:internal/modules/cjs/loader:1364:14)
    at Module._extensions..js (node:internal/modules/cjs/loader:1422:10)
    at Module.load (node:internal/modules/cjs/loader:1203:32)
    at Module._load (node:internal/modules/cjs/loader:1019:12)
    at Module.require (node:internal/modules/cjs/loader:1231:19)
    at require (node:internal/modules/helpers:177:18)
    at Object.<anonymous> (/Users/yangjinho/Downloads/Git/ojt-yagsill/src/api/user.js:11:16)
    at Module._compile (node:internal/modules/cjs/loader:1364:14)
    at Module._extensions..js (node:internal/modules/cjs/loader:1422:10)
2024-09-03 12:13:20 [API CALL LOG] error: uncaughtException: logData is not defined
ReferenceError: logData is not defined
    at Object.<anonymous> (/Users/yangjinho/Downloads/Git/ojt-yagsill/src/config/logger.js:62:26)
    at Module._compile (node:internal/modules/cjs/loader:1364:14)
    at Module._extensions..js (node:internal/modules/cjs/loader:1422:10)
    at Module.load (node:internal/modules/cjs/loader:1203:32)
    at Module._load (node:internal/modules/cjs/loader:1019:12)
    at Module.require (node:internal/modules/cjs/loader:1231:19)
    at require (node:internal/modules/helpers:177:18)
    at Object.<anonymous> (/Users/yangjinho/Downloads/Git/ojt-yagsill/src/module/calc.js:4:16)
    at Module._compile (node:internal/modules/cjs/loader:1364:14)
    at Module._extensions..js (node:internal/modules/cjs/loader:1422:10)
2024-09-03 12:13:27 [API CALL LOG] error: uncaughtException: logData is not defined
ReferenceError: logData is not defined
    at Object.<anonymous> (/Users/yangjinho/Downloads/Git/ojt-yagsill/src/config/logger.js:62:26)
    at Module._compile (node:internal/modules/cjs/loader:1364:14)
    at Module._extensions..js (node:internal/modules/cjs/loader:1422:10)
    at Module.load (node:internal/modules/cjs/loader:1203:32)
    at Module._load (node:internal/modules/cjs/loader:1019:12)
    at Module.require (node:internal/modules/cjs/loader:1231:19)
    at require (node:internal/modules/helpers:177:18)
    at Object.<anonymous> (/Users/yangjinho/Downloads/Git/ojt-yagsill/src/module/calc.js:4:16)
    at Module._compile (node:internal/modules/cjs/loader:1364:14)
    at Module._extensions..js (node:internal/modules/cjs/loader:1422:10)
2024-09-03 12:13:37 [API CALL LOG] error: uncaughtException: logData is not defined
ReferenceError: logData is not defined
    at Object.<anonymous> (/Users/yangjinho/Downloads/Git/ojt-yagsill/src/config/logger.js:62:26)
    at Module._compile (node:internal/modules/cjs/loader:1364:14)
    at Module._extensions..js (node:internal/modules/cjs/loader:1422:10)
    at Module.load (node:internal/modules/cjs/loader:1203:32)
    at Module._load (node:internal/modules/cjs/loader:1019:12)
    at Module.require (node:internal/modules/cjs/loader:1231:19)
    at require (node:internal/modules/helpers:177:18)
    at Object.<anonymous> (/Users/yangjinho/Downloads/Git/ojt-yagsill/src/module/calc.js:4:16)
    at Module._compile (node:internal/modules/cjs/loader:1364:14)
    at Module._extensions..js (node:internal/modules/cjs/loader:1422:10)
2024-09-03 12:13:44 [API CALL LOG] error: uncaughtException: logData is not defined
ReferenceError: logData is not defined
    at Object.<anonymous> (/Users/yangjinho/Downloads/Git/ojt-yagsill/src/config/logger.js:62:26)
    at Module._compile (node:internal/modules/cjs/loader:1364:14)
    at Module._extensions..js (node:internal/modules/cjs/loader:1422:10)
    at Module.load (node:internal/modules/cjs/loader:1203:32)
    at Module._load (node:internal/modules/cjs/loader:1019:12)
    at Module.require (node:internal/modules/cjs/loader:1231:19)
    at require (node:internal/modules/helpers:177:18)
    at Object.<anonymous> (/Users/yangjinho/Downloads/Git/ojt-yagsill/src/module/calc.js:4:16)
    at Module._compile (node:internal/modules/cjs/loader:1364:14)
    at Module._extensions..js (node:internal/modules/cjs/loader:1422:10)
2024-09-03 12:14:25 [API CALL LOG] error: uncaughtException: logData is not defined
ReferenceError: logData is not defined
    at Object.<anonymous> (/Users/yangjinho/Downloads/Git/ojt-yagsill/src/config/logger.js:62:26)
    at Module._compile (node:internal/modules/cjs/loader:1364:14)
    at Module._extensions..js (node:internal/modules/cjs/loader:1422:10)
    at Module.load (node:internal/modules/cjs/loader:1203:32)
    at Module._load (node:internal/modules/cjs/loader:1019:12)
    at Module.require (node:internal/modules/cjs/loader:1231:19)
    at require (node:internal/modules/helpers:177:18)
    at Object.<anonymous> (/Users/yangjinho/Downloads/Git/ojt-yagsill/src/module/calc.js:4:16)
    at Module._compile (node:internal/modules/cjs/loader:1364:14)
    at Module._extensions..js (node:internal/modules/cjs/loader:1422:10)
2024-09-03 12:14:52 [API CALL LOG] error: uncaughtException: logData is not defined
ReferenceError: logData is not defined
    at Object.<anonymous> (/Users/yangjinho/Downloads/Git/ojt-yagsill/src/config/logger.js:62:26)
    at Module._compile (node:internal/modules/cjs/loader:1364:14)
    at Module._extensions..js (node:internal/modules/cjs/loader:1422:10)
    at Module.load (node:internal/modules/cjs/loader:1203:32)
    at Module._load (node:internal/modules/cjs/loader:1019:12)
    at Module.require (node:internal/modules/cjs/loader:1231:19)
    at require (node:internal/modules/helpers:177:18)
    at Object.<anonymous> (/Users/yangjinho/Downloads/Git/ojt-yagsill/src/module/calc.js:4:16)
    at Module._compile (node:internal/modules/cjs/loader:1364:14)
    at Module._extensions..js (node:internal/modules/cjs/loader:1422:10)
2024-09-03 12:15:23 [API CALL LOG] error: uncaughtException: logData is not defined
ReferenceError: logData is not defined
    at Object.<anonymous> (/Users/yangjinho/Downloads/Git/ojt-yagsill/src/config/logger.js:62:26)
    at Module._compile (node:internal/modules/cjs/loader:1364:14)
    at Module._extensions..js (node:internal/modules/cjs/loader:1422:10)
    at Module.load (node:internal/modules/cjs/loader:1203:32)
    at Module._load (node:internal/modules/cjs/loader:1019:12)
    at Module.require (node:internal/modules/cjs/loader:1231:19)
    at require (node:internal/modules/helpers:177:18)
    at Object.<anonymous> (/Users/yangjinho/Downloads/Git/ojt-yagsill/src/module/calc.js:4:16)
    at Module._compile (node:internal/modules/cjs/loader:1364:14)
    at Module._extensions..js (node:internal/modules/cjs/loader:1422:10)
2024-09-03 12:16:10 [API CALL LOG] error: uncaughtException: logData is not defined
ReferenceError: logData is not defined
    at Object.<anonymous> (/Users/yangjinho/Downloads/Git/ojt-yagsill/src/config/logger.js:62:26)
    at Module._compile (node:internal/modules/cjs/loader:1364:14)
    at Module._extensions..js (node:internal/modules/cjs/loader:1422:10)
    at Module.load (node:internal/modules/cjs/loader:1203:32)
    at Module._load (node:internal/modules/cjs/loader:1019:12)
    at Module.require (node:internal/modules/cjs/loader:1231:19)
    at require (node:internal/modules/helpers:177:18)
    at Object.<anonymous> (/Users/yangjinho/Downloads/Git/ojt-yagsill/src/module/calc.js:4:16)
    at Module._compile (node:internal/modules/cjs/loader:1364:14)
    at Module._extensions..js (node:internal/modules/cjs/loader:1422:10)
2024-09-03 12:16:14 [API CALL LOG] error: uncaughtException: logData is not defined
ReferenceError: logData is not defined
    at Object.<anonymous> (/Users/yangjinho/Downloads/Git/ojt-yagsill/src/config/logger.js:62:26)
    at Module._compile (node:internal/modules/cjs/loader:1364:14)
    at Module._extensions..js (node:internal/modules/cjs/loader:1422:10)
    at Module.load (node:internal/modules/cjs/loader:1203:32)
    at Module._load (node:internal/modules/cjs/loader:1019:12)
    at Module.require (node:internal/modules/cjs/loader:1231:19)
    at require (node:internal/modules/helpers:177:18)
    at Object.<anonymous> (/Users/yangjinho/Downloads/Git/ojt-yagsill/src/api/user.js:11:16)
    at Module._compile (node:internal/modules/cjs/loader:1364:14)
    at Module._extensions..js (node:internal/modules/cjs/loader:1422:10)
2024-09-03 12:16:21 [API CALL LOG] error: uncaughtException: logData is not defined
ReferenceError: logData is not defined
    at Object.<anonymous> (/Users/yangjinho/Downloads/Git/ojt-yagsill/src/config/logger.js:62:26)
    at Module._compile (node:internal/modules/cjs/loader:1364:14)
    at Module._extensions..js (node:internal/modules/cjs/loader:1422:10)
    at Module.load (node:internal/modules/cjs/loader:1203:32)
    at Module._load (node:internal/modules/cjs/loader:1019:12)
    at Module.require (node:internal/modules/cjs/loader:1231:19)
    at require (node:internal/modules/helpers:177:18)
    at Object.<anonymous> (/Users/yangjinho/Downloads/Git/ojt-yagsill/src/api/user.js:11:16)
    at Module._compile (node:internal/modules/cjs/loader:1364:14)
    at Module._extensions..js (node:internal/modules/cjs/loader:1422:10)
2024-09-03 12:16:31 [API CALL LOG] error: uncaughtException: logData is not defined
ReferenceError: logData is not defined
    at Object.<anonymous> (/Users/yangjinho/Downloads/Git/ojt-yagsill/src/config/logger.js:62:26)
    at Module._compile (node:internal/modules/cjs/loader:1364:14)
    at Module._extensions..js (node:internal/modules/cjs/loader:1422:10)
    at Module.load (node:internal/modules/cjs/loader:1203:32)
    at Module._load (node:internal/modules/cjs/loader:1019:12)
    at Module.require (node:internal/modules/cjs/loader:1231:19)
    at require (node:internal/modules/helpers:177:18)
    at Object.<anonymous> (/Users/yangjinho/Downloads/Git/ojt-yagsill/src/api/user.js:11:16)
    at Module._compile (node:internal/modules/cjs/loader:1364:14)
    at Module._extensions..js (node:internal/modules/cjs/loader:1422:10)
2024-09-03 12:18:01 [API CALL LOG] error: uncaughtException: logData is not defined
ReferenceError: logData is not defined
    at Object.<anonymous> (/Users/yangjinho/Downloads/Git/ojt-yagsill/src/config/logger.js:62:26)
    at Module._compile (node:internal/modules/cjs/loader:1364:14)
    at Module._extensions..js (node:internal/modules/cjs/loader:1422:10)
    at Module.load (node:internal/modules/cjs/loader:1203:32)
    at Module._load (node:internal/modules/cjs/loader:1019:12)
    at Module.require (node:internal/modules/cjs/loader:1231:19)
    at require (node:internal/modules/helpers:177:18)
    at Object.<anonymous> (/Users/yangjinho/Downloads/Git/ojt-yagsill/src/api/user.js:11:16)
    at Module._compile (node:internal/modules/cjs/loader:1364:14)
    at Module._extensions..js (node:internal/modules/cjs/loader:1422:10)
2024-09-03 12:18:31 [API CALL LOG] error: uncaughtException: logData is not defined
ReferenceError: logData is not defined
    at Object.<anonymous> (/Users/yangjinho/Downloads/Git/ojt-yagsill/src/config/logger.js:62:26)
    at Module._compile (node:internal/modules/cjs/loader:1364:14)
    at Module._extensions..js (node:internal/modules/cjs/loader:1422:10)
    at Module.load (node:internal/modules/cjs/loader:1203:32)
    at Module._load (node:internal/modules/cjs/loader:1019:12)
    at Module.require (node:internal/modules/cjs/loader:1231:19)
    at require (node:internal/modules/helpers:177:18)
    at Object.<anonymous> (/Users/yangjinho/Downloads/Git/ojt-yagsill/src/api/user.js:11:16)
    at Module._compile (node:internal/modules/cjs/loader:1364:14)
    at Module._extensions..js (node:internal/modules/cjs/loader:1422:10)
